[35m[1mScanning dependencies of target actionlib_msgs_generate_messages_py[0m
[35m[1mScanning dependencies of target std_msgs_generate_messages_cpp[0m
[35m[1mScanning dependencies of target actionlib_msgs_generate_messages_cpp[0m
[35m[1mScanning dependencies of target std_msgs_generate_messages_eus[0m
[35m[1mScanning dependencies of target _secondary_task_messages_generate_messages_check_deps_secondary_task_message[0m
[35m[1mScanning dependencies of target std_msgs_generate_messages_py[0m
[  0%] Built target actionlib_msgs_generate_messages_py
[  0%] Built target std_msgs_generate_messages_eus
[  0%] Built target actionlib_msgs_generate_messages_cpp
[  0%] Built target std_msgs_generate_messages_py
[35m[1mScanning dependencies of target actionlib_msgs_generate_messages_eus[0m
[35m[1mScanning dependencies of target std_msgs_generate_messages_lisp[0m
[35m[1mScanning dependencies of target std_msgs_generate_messages_nodejs[0m
[35m[1mScanning dependencies of target actionlib_msgs_generate_messages_lisp[0m
[  0%] Built target std_msgs_generate_messages_cpp
[  0%] Built target std_msgs_generate_messages_lisp
[  0%] Built target actionlib_msgs_generate_messages_eus
[  0%] Built target std_msgs_generate_messages_nodejs
[35m[1mScanning dependencies of target actionlib_msgs_generate_messages_nodejs[0m
[  0%] Built target actionlib_msgs_generate_messages_lisp
[  0%] Built target actionlib_msgs_generate_messages_nodejs
[  0%] Built target _secondary_task_messages_generate_messages_check_deps_secondary_task_message
[35m[1mScanning dependencies of target secondary_task_messages_generate_messages_cpp[0m
[35m[1mScanning dependencies of target secondary_task_messages_generate_messages_eus[0m
[35m[1mScanning dependencies of target secondary_task_messages_generate_messages_nodejs[0m
[35m[1mScanning dependencies of target secondary_task_messages_generate_messages_py[0m
[35m[1mScanning dependencies of target secondary_task_messages_generate_messages_lisp[0m
[ 14%] [34m[1mGenerating EusLisp manifest code for secondary_task_messages[0m
[ 28%] [34m[1mGenerating Python from MSG secondary_task_messages/secondary_task_message[0m
[ 42%] [34m[1mGenerating C++ code from secondary_task_messages/secondary_task_message.msg[0m
[ 57%] [34m[1mGenerating Javascript code from secondary_task_messages/secondary_task_message.msg[0m
[ 85%] [34m[1mGenerating EusLisp code from secondary_task_messages/secondary_task_message.msg[0m
[ 85%] [34m[1mGenerating Lisp code from secondary_task_messages/secondary_task_message.msg[0m
[ 85%] Built target secondary_task_messages_generate_messages_nodejs
[ 85%] Built target secondary_task_messages_generate_messages_lisp
[100%] [34m[1mGenerating Python msg __init__.py for secondary_task_messages[0m
[100%] Built target secondary_task_messages_generate_messages_cpp
[100%] Built target secondary_task_messages_generate_messages_py
[100%] Built target secondary_task_messages_generate_messages_eus
[35m[1mScanning dependencies of target secondary_task_messages_generate_messages[0m
[100%] Built target secondary_task_messages_generate_messages
